<?xml version="1.0" encoding="UTF-8"?>
<testsuite xmlns:xsi="http://www.w3.org/2001/XMLSchema-instance" xsi:noNamespaceSchemaLocation="https://maven.apache.org/surefire/maven-surefire-plugin/xsd/surefire-test-report-3.0.xsd" version="3.0" name="com.pdf.word.PdfWordApplicationTests" time="7.476" tests="1" errors="0" skipped="0" failures="0">
  <properties>
[...]
</properties>
  <testcase name="contextLoads" classname="com.pdf.word.PdfWordApplicationTests" time="2.127">
    <system-out><![CDATA[21:29:46.860 [main] INFO org.springframework.test.context.support.AnnotationConfigContextLoaderUtils -- Could not detect default configuration classes for test class [com.pdf.word.PdfWordApplicationTests]: PdfWordApplicationTests does not declare any static, non-private, non-final, nested classes annotated with @Configuration.
21:29:47.113 [main] INFO org.springframework.boot.test.context.SpringBootTestContextBootstrapper -- Found @SpringBootConfiguration com.pdf.word.PdfWordApplication for test class com.pdf.word.PdfWordApplicationTests
21:29:47.522 [main] INFO org.springframework.boot.devtools.restart.RestartApplicationListener -- Restart disabled due to context in which it is running

  .   ____          _            __ _ _
 /\\ / ___'_ __ _ _(_)_ __  __ _ \ \ \ \
( ( )\___ | '_ | '_| | '_ \/ _` | \ \ \ \
 \\/  ___)| |_)| | | | | || (_| |  ) ) ) )
  '  |____| .__|_| |_|_| |_\__, | / / / /
 =========|_|==============|___/=/_/_/_/

 :: Spring Boot ::                (v3.3.1)

2025-11-16T21:29:48.194+05:30  INFO 8788 --- [pdf-word] [           main] com.pdf.word.PdfWordApplicationTests     : Starting PdfWordApplicationTests using Java 17.0.10 with PID 8788 (started by mani in D:\WordToPdf-main)
2025-11-16T21:29:48.197+05:30  INFO 8788 --- [pdf-word] [           main] com.pdf.word.PdfWordApplicationTests     : No active profile set, falling back to 1 default profile: "default"
2025-11-16T21:29:51.764+05:30  INFO 8788 --- [pdf-word] [           main] com.pdf.word.PdfWordApplicationTests     : Started PdfWordApplicationTests in 4.274 seconds (process running for 6.692)
]]></system-out>
  </testcase>
</testsuite>